15:28:58:510  INFO 13084 --- [main] com.hmall.gateway.GatewayApplication     : The following 1 profile is active: "dev"
15:29:00:088  INFO 13084 --- [main] o.s.cloud.context.scope.GenericScope     : BeanFactory id=dd6ef787-5817-3836-8882-b5b594465574
15:29:00:158  INFO 13084 --- [main] trationDelegate$BeanPostProcessorChecker : Bean 'org.springframework.cloud.client.loadbalancer.reactive.LoadBalancerBeanPostProcessorAutoConfiguration' of type [org.springframework.cloud.client.loadbalancer.reactive.LoadBalancerBeanPostProcessorAutoConfiguration] is not eligible for getting processed by all BeanPostProcessors (for example: not eligible for auto-proxying)
15:29:00:158  INFO 13084 --- [main] trationDelegate$BeanPostProcessorChecker : Bean 'org.springframework.cloud.client.loadbalancer.reactive.LoadBalancerBeanPostProcessorAutoConfiguration$ReactorDeferringLoadBalancerFilterConfig' of type [org.springframework.cloud.client.loadbalancer.reactive.LoadBalancerBeanPostProcessorAutoConfiguration$ReactorDeferringLoadBalancerFilterConfig] is not eligible for getting processed by all BeanPostProcessors (for example: not eligible for auto-proxying)
15:29:00:161  INFO 13084 --- [main] trationDelegate$BeanPostProcessorChecker : Bean 'reactorDeferringLoadBalancerExchangeFilterFunction' of type [org.springframework.cloud.client.loadbalancer.reactive.DeferringLoadBalancerExchangeFilterFunction] is not eligible for getting processed by all BeanPostProcessors (for example: not eligible for auto-proxying)
15:29:01:274 DEBUG 13084 --- [main] c.h.gateway.routers.DynamicRouterLoader  : 监听到路由配置信息：[
    {
        "id": "item",
        "predicates": [{
            "name": "Path",
            "args": {"_genkey_0":"/items/**", "_genkey_1":"/search/**"}
        }],
        "filters": [],
        "uri": "lb://item-service"
    },
    {
        "id": "cart",
        "predicates": [{
            "name": "Path",
            "args": {"_genkey_0":"/carts/**"}
        }],
        "filters": [],
        "uri": "lb://cart-service"
    },
    {
        "id": "user",
        "predicates": [{
            "name": "Path",
            "args": {"_genkey_0":"/users/**", "_genkey_1":"/addresses/**"}
        }],
        "filters": [],
        "uri": "lb://user-service"
    },
    {
        "id": "trade",
        "predicates": [{
            "name": "Path",
            "args": {"_genkey_0":"/orders/**"}
        }],
        "filters": [],
        "uri": "lb://trade-service"
    },
    {
        "id": "pay",
        "predicates": [{
            "name": "Path",
            "args": {"_genkey_0":"/pay-orders/**"}
        }],
        "filters": [],
        "uri": "lb://pay-service"
    }
]
15:29:03:948  INFO 13084 --- [main] o.s.c.g.r.RouteDefinitionRouteLocator    : Loaded RoutePredicateFactory [After]
15:29:03:948  INFO 13084 --- [main] o.s.c.g.r.RouteDefinitionRouteLocator    : Loaded RoutePredicateFactory [Before]
15:29:03:948  INFO 13084 --- [main] o.s.c.g.r.RouteDefinitionRouteLocator    : Loaded RoutePredicateFactory [Between]
15:29:03:948  INFO 13084 --- [main] o.s.c.g.r.RouteDefinitionRouteLocator    : Loaded RoutePredicateFactory [Cookie]
15:29:03:948  INFO 13084 --- [main] o.s.c.g.r.RouteDefinitionRouteLocator    : Loaded RoutePredicateFactory [Header]
15:29:03:948  INFO 13084 --- [main] o.s.c.g.r.RouteDefinitionRouteLocator    : Loaded RoutePredicateFactory [Host]
15:29:03:948  INFO 13084 --- [main] o.s.c.g.r.RouteDefinitionRouteLocator    : Loaded RoutePredicateFactory [Method]
15:29:03:948  INFO 13084 --- [main] o.s.c.g.r.RouteDefinitionRouteLocator    : Loaded RoutePredicateFactory [Path]
15:29:03:948  INFO 13084 --- [main] o.s.c.g.r.RouteDefinitionRouteLocator    : Loaded RoutePredicateFactory [Query]
15:29:03:948  INFO 13084 --- [main] o.s.c.g.r.RouteDefinitionRouteLocator    : Loaded RoutePredicateFactory [ReadBody]
15:29:03:948  INFO 13084 --- [main] o.s.c.g.r.RouteDefinitionRouteLocator    : Loaded RoutePredicateFactory [RemoteAddr]
15:29:03:948  INFO 13084 --- [main] o.s.c.g.r.RouteDefinitionRouteLocator    : Loaded RoutePredicateFactory [XForwardedRemoteAddr]
15:29:03:948  INFO 13084 --- [main] o.s.c.g.r.RouteDefinitionRouteLocator    : Loaded RoutePredicateFactory [Weight]
15:29:03:948  INFO 13084 --- [main] o.s.c.g.r.RouteDefinitionRouteLocator    : Loaded RoutePredicateFactory [CloudFoundryRouteService]
15:29:05:087  INFO 13084 --- [main] com.alibaba.nacos.common.remote.client   : [RpcClientFactory] create a new rpc client of 6b333536-1ac1-4a19-87bf-4966164c657d
15:29:05:087  INFO 13084 --- [main] com.alibaba.nacos.common.remote.client   : [6b333536-1ac1-4a19-87bf-4966164c657d] RpcClient init label, labels = {module=naming, source=sdk}
15:29:05:089  INFO 13084 --- [main] com.alibaba.nacos.common.remote.client   : [6b333536-1ac1-4a19-87bf-4966164c657d] RpcClient init, ServerListFactory = com.alibaba.nacos.client.naming.core.ServerListManager
15:29:05:090  INFO 13084 --- [main] com.alibaba.nacos.common.remote.client   : [6b333536-1ac1-4a19-87bf-4966164c657d] Registry connection listener to current client:com.alibaba.nacos.client.naming.remote.gprc.redo.NamingGrpcRedoService
15:29:05:090  INFO 13084 --- [main] com.alibaba.nacos.common.remote.client   : [6b333536-1ac1-4a19-87bf-4966164c657d] Register server push request handler:com.alibaba.nacos.client.naming.remote.gprc.NamingPushRequestHandler
15:29:05:091  INFO 13084 --- [main] com.alibaba.nacos.common.remote.client   : [6b333536-1ac1-4a19-87bf-4966164c657d] Try to connect to server on start up, server: {serverIp = '192.168.1.144', server main port = 8848}
15:29:05:208  INFO 13084 --- [main] com.alibaba.nacos.common.remote.client   : [6b333536-1ac1-4a19-87bf-4966164c657d] Success to connect to server [192.168.1.144:8848] on start up, connectionId = 1729529214102_192.168.1.154_62297
15:29:05:209  INFO 13084 --- [main] com.alibaba.nacos.common.remote.client   : [6b333536-1ac1-4a19-87bf-4966164c657d] Register server push request handler:com.alibaba.nacos.common.remote.client.RpcClient$ConnectResetRequestHandler
15:29:05:208  INFO 13084 --- [com.alibaba.nacos.client.remote.worker] com.alibaba.nacos.common.remote.client   : [6b333536-1ac1-4a19-87bf-4966164c657d] Notify connected event to listeners.
15:29:05:211  INFO 13084 --- [main] com.alibaba.nacos.common.remote.client   : [6b333536-1ac1-4a19-87bf-4966164c657d] Register server push request handler:com.alibaba.nacos.common.remote.client.RpcClient$$Lambda$467/0x00000008003eb040
15:29:05:762  INFO 13084 --- [nacos-grpc-client-executor-5] com.alibaba.nacos.common.remote.client   : [6b333536-1ac1-4a19-87bf-4966164c657d] Receive server push request, request = NotifySubscriberRequest, requestId = 60
15:29:05:766  INFO 13084 --- [nacos-grpc-client-executor-5] com.alibaba.nacos.common.remote.client   : [6b333536-1ac1-4a19-87bf-4966164c657d] Ack server push request, request = NotifySubscriberRequest, requestId = 60
15:29:05:854  INFO 13084 --- [main] o.s.b.web.embedded.netty.NettyWebServer  : Netty started on port 8080
15:29:07:385  INFO 13084 --- [main] c.a.c.n.registry.NacosServiceRegistry    : nacos registry, DEFAULT_GROUP gateway 192.168.1.154:8080 register finished
15:29:07:407  INFO 13084 --- [main] com.hmall.gateway.GatewayApplication     : Started GatewayApplication in 16.195 seconds (JVM running for 18.587)
15:29:07:411  INFO 13084 --- [main] c.a.c.n.refresh.NacosContextRefresher    : [Nacos Config] Listening config: dataId=gateway.yaml, group=DEFAULT_GROUP
15:29:07:411  INFO 13084 --- [main] c.a.c.n.refresh.NacosContextRefresher    : [Nacos Config] Listening config: dataId=gateway-dev.yaml, group=DEFAULT_GROUP
15:29:07:411  INFO 13084 --- [main] c.a.c.n.refresh.NacosContextRefresher    : [Nacos Config] Listening config: dataId=gateway, group=DEFAULT_GROUP
15:29:07:936  INFO 13084 --- [nacos-grpc-client-executor-10] com.alibaba.nacos.common.remote.client   : [6b333536-1ac1-4a19-87bf-4966164c657d] Receive server push request, request = NotifySubscriberRequest, requestId = 61
15:29:07:947  INFO 13084 --- [nacos-grpc-client-executor-10] com.alibaba.nacos.common.remote.client   : [6b333536-1ac1-4a19-87bf-4966164c657d] Ack server push request, request = NotifySubscriberRequest, requestId = 61
15:56:53:473  INFO 13084 --- [nacos-grpc-client-executor-350] com.alibaba.nacos.common.remote.client   : [6b333536-1ac1-4a19-87bf-4966164c657d] Receive server push request, request = NotifySubscriberRequest, requestId = 70
15:56:53:474  INFO 13084 --- [nacos-grpc-client-executor-350] com.alibaba.nacos.common.remote.client   : [6b333536-1ac1-4a19-87bf-4966164c657d] Ack server push request, request = NotifySubscriberRequest, requestId = 70
15:56:54:700  INFO 13084 --- [nacos-grpc-client-executor-353] com.alibaba.nacos.common.remote.client   : [6b333536-1ac1-4a19-87bf-4966164c657d] Receive server push request, request = NotifySubscriberRequest, requestId = 71
15:56:54:701  INFO 13084 --- [nacos-grpc-client-executor-353] com.alibaba.nacos.common.remote.client   : [6b333536-1ac1-4a19-87bf-4966164c657d] Ack server push request, request = NotifySubscriberRequest, requestId = 71
15:57:10:163  INFO 13084 --- [nacos-grpc-client-executor-359] com.alibaba.nacos.common.remote.client   : [6b333536-1ac1-4a19-87bf-4966164c657d] Receive server push request, request = NotifySubscriberRequest, requestId = 73
15:57:10:164  INFO 13084 --- [nacos-grpc-client-executor-359] com.alibaba.nacos.common.remote.client   : [6b333536-1ac1-4a19-87bf-4966164c657d] Ack server push request, request = NotifySubscriberRequest, requestId = 73
15:57:11:287  INFO 13084 --- [nacos-grpc-client-executor-362] com.alibaba.nacos.common.remote.client   : [6b333536-1ac1-4a19-87bf-4966164c657d] Receive server push request, request = NotifySubscriberRequest, requestId = 76
15:57:11:288  INFO 13084 --- [nacos-grpc-client-executor-362] com.alibaba.nacos.common.remote.client   : [6b333536-1ac1-4a19-87bf-4966164c657d] Ack server push request, request = NotifySubscriberRequest, requestId = 76
16:04:11:871  INFO 13084 --- [nacos-grpc-client-executor-469] com.alibaba.nacos.common.remote.client   : [6b333536-1ac1-4a19-87bf-4966164c657d] Receive server push request, request = NotifySubscriberRequest, requestId = 78
16:04:11:872  INFO 13084 --- [nacos-grpc-client-executor-469] com.alibaba.nacos.common.remote.client   : [6b333536-1ac1-4a19-87bf-4966164c657d] Ack server push request, request = NotifySubscriberRequest, requestId = 78
